#-----------------------------------------------------------
# Vivado v2018.1 (64-bit)
# SW Build 2188600 on Wed Apr  4 18:40:38 MDT 2018
# IP Build 2185939 on Wed Apr  4 20:55:05 MDT 2018
# Start of session at: Fri Apr 20 02:52:03 2018
# Process ID: 8864
# Current directory: C:/Users/ApeX/Desktop/Group09/Group 9/Group 9/ass7
# Command line: vivado.exe -gui_launcher_event rodinguilauncherevent8160 C:\Users\ApeX\Desktop\Group09\Group 9\Group 9\ass7\ass7.xpr
# Log file: C:/Users/ApeX/Desktop/Group09/Group 9/Group 9/ass7/vivado.log
# Journal file: C:/Users/ApeX/Desktop/Group09/Group 9/Group 9/ass7\vivado.jou
#-----------------------------------------------------------
start_gui
open_project {C:/Users/ApeX/Desktop/Group09/Group 9/Group 9/ass7/ass7.xpr}
Scanning sources...
Finished scanning sources
INFO: [IP_Flow 19-234] Refreshing IP repositories
INFO: [IP_Flow 19-1704] No user IP repositories specified
INFO: [IP_Flow 19-2313] Loaded Vivado IP repository 'C:/Xilinx/Vivado/2018.1/data/ip'.
open_project: Time (s): cpu = 00:00:21 ; elapsed = 00:00:28 . Memory (MB): peak = 751.363 ; gain = 91.219
update_compile_order -fileset sources_1
exit
INFO: [Common 17-206] Exiting Vivado at Fri Apr 20 03:19:59 2018...
