
*** Running vivado
    with args -log UART_RX.vds -m64 -product Vivado -mode batch -messageDb vivado.pb -notrace -source UART_RX.tcl


****** Vivado v2018.1 (64-bit)
  **** SW Build 2188600 on Wed Apr  4 18:40:38 MDT 2018
  **** IP Build 2185939 on Wed Apr  4 20:55:05 MDT 2018
    ** Copyright 1986-2018 Xilinx, Inc. All Rights Reserved.

source UART_RX.tcl -notrace
Command: synth_design -top UART_RX -part xc7a35tcpg236-1
Starting synth_design
Attempting to get a license for feature 'Synthesis' and/or device 'xc7a35t'
INFO: [Common 17-349] Got license for feature 'Synthesis' and/or device 'xc7a35t'
INFO: Launching helper process for spawning children vivado processes
INFO: Helper process launched with PID 4528 
---------------------------------------------------------------------------------
Starting RTL Elaboration : Time (s): cpu = 00:00:10 ; elapsed = 00:00:12 . Memory (MB): peak = 359.574 ; gain = 99.832
---------------------------------------------------------------------------------
INFO: [Synth 8-638] synthesizing module 'UART_RX' [C:/Users/ApeX/Desktop/final/ass7/ass7.srcs/sources_1/new/top.vhd:23]
	Parameter g_CLKS_PER_BIT bound to: 10416 - type: integer 
WARNING: [Synth 8-614] signal 'out_ans' is read in the process but is not in the sensitivity list [C:/Users/ApeX/Desktop/final/ass7/ass7.srcs/sources_1/new/top.vhd:1210]
WARNING: [Synth 8-6014] Unused sequential element r_RX_DV_reg was removed.  [C:/Users/ApeX/Desktop/final/ass7/ass7.srcs/sources_1/new/top.vhd:112]
WARNING: [Synth 8-6014] Unused sequential element ram_data_reg[127] was removed.  [C:/Users/ApeX/Desktop/final/ass7/ass7.srcs/sources_1/new/top.vhd:160]
WARNING: [Synth 8-6014] Unused sequential element ram_data_reg[126] was removed.  [C:/Users/ApeX/Desktop/final/ass7/ass7.srcs/sources_1/new/top.vhd:160]
WARNING: [Synth 8-6014] Unused sequential element ram_data_reg[125] was removed.  [C:/Users/ApeX/Desktop/final/ass7/ass7.srcs/sources_1/new/top.vhd:160]
WARNING: [Synth 8-6014] Unused sequential element ram_data_reg[124] was removed.  [C:/Users/ApeX/Desktop/final/ass7/ass7.srcs/sources_1/new/top.vhd:160]
WARNING: [Synth 8-6014] Unused sequential element ram_data_reg[123] was removed.  [C:/Users/ApeX/Desktop/final/ass7/ass7.srcs/sources_1/new/top.vhd:160]
WARNING: [Synth 8-6014] Unused sequential element ram_data_reg[122] was removed.  [C:/Users/ApeX/Desktop/final/ass7/ass7.srcs/sources_1/new/top.vhd:160]
WARNING: [Synth 8-6014] Unused sequential element ram_data_reg[121] was removed.  [C:/Users/ApeX/Desktop/final/ass7/ass7.srcs/sources_1/new/top.vhd:160]
WARNING: [Synth 8-6014] Unused sequential element ram_data_reg[120] was removed.  [C:/Users/ApeX/Desktop/final/ass7/ass7.srcs/sources_1/new/top.vhd:160]
WARNING: [Synth 8-6014] Unused sequential element ram_data_reg[119] was removed.  [C:/Users/ApeX/Desktop/final/ass7/ass7.srcs/sources_1/new/top.vhd:160]
WARNING: [Synth 8-6014] Unused sequential element ram_data_reg[118] was removed.  [C:/Users/ApeX/Desktop/final/ass7/ass7.srcs/sources_1/new/top.vhd:160]
WARNING: [Synth 8-6014] Unused sequential element ram_data_reg[117] was removed.  [C:/Users/ApeX/Desktop/final/ass7/ass7.srcs/sources_1/new/top.vhd:160]
WARNING: [Synth 8-6014] Unused sequential element ram_data_reg[116] was removed.  [C:/Users/ApeX/Desktop/final/ass7/ass7.srcs/sources_1/new/top.vhd:160]
WARNING: [Synth 8-6014] Unused sequential element ram_data_reg[115] was removed.  [C:/Users/ApeX/Desktop/final/ass7/ass7.srcs/sources_1/new/top.vhd:160]
WARNING: [Synth 8-6014] Unused sequential element ram_data_reg[114] was removed.  [C:/Users/ApeX/Desktop/final/ass7/ass7.srcs/sources_1/new/top.vhd:160]
WARNING: [Synth 8-6014] Unused sequential element ram_data_reg[113] was removed.  [C:/Users/ApeX/Desktop/final/ass7/ass7.srcs/sources_1/new/top.vhd:160]
WARNING: [Synth 8-6014] Unused sequential element ram_data_reg[112] was removed.  [C:/Users/ApeX/Desktop/final/ass7/ass7.srcs/sources_1/new/top.vhd:160]
WARNING: [Synth 8-6014] Unused sequential element ram_data_reg[111] was removed.  [C:/Users/ApeX/Desktop/final/ass7/ass7.srcs/sources_1/new/top.vhd:160]
WARNING: [Synth 8-6014] Unused sequential element ram_data_reg[110] was removed.  [C:/Users/ApeX/Desktop/final/ass7/ass7.srcs/sources_1/new/top.vhd:160]
WARNING: [Synth 8-6014] Unused sequential element ram_data_reg[109] was removed.  [C:/Users/ApeX/Desktop/final/ass7/ass7.srcs/sources_1/new/top.vhd:160]
WARNING: [Synth 8-6014] Unused sequential element ram_data_reg[108] was removed.  [C:/Users/ApeX/Desktop/final/ass7/ass7.srcs/sources_1/new/top.vhd:160]
WARNING: [Synth 8-6014] Unused sequential element ram_data_reg[107] was removed.  [C:/Users/ApeX/Desktop/final/ass7/ass7.srcs/sources_1/new/top.vhd:160]
WARNING: [Synth 8-6014] Unused sequential element ram_data_reg[106] was removed.  [C:/Users/ApeX/Desktop/final/ass7/ass7.srcs/sources_1/new/top.vhd:160]
WARNING: [Synth 8-6014] Unused sequential element ram_data_reg[105] was removed.  [C:/Users/ApeX/Desktop/final/ass7/ass7.srcs/sources_1/new/top.vhd:160]
WARNING: [Synth 8-6014] Unused sequential element ram_data_reg[104] was removed.  [C:/Users/ApeX/Desktop/final/ass7/ass7.srcs/sources_1/new/top.vhd:160]
WARNING: [Synth 8-6014] Unused sequential element ram_data_reg[103] was removed.  [C:/Users/ApeX/Desktop/final/ass7/ass7.srcs/sources_1/new/top.vhd:160]
WARNING: [Synth 8-6014] Unused sequential element ram_data_reg[102] was removed.  [C:/Users/ApeX/Desktop/final/ass7/ass7.srcs/sources_1/new/top.vhd:160]
WARNING: [Synth 8-6014] Unused sequential element ram_data_reg[101] was removed.  [C:/Users/ApeX/Desktop/final/ass7/ass7.srcs/sources_1/new/top.vhd:160]
WARNING: [Synth 8-6014] Unused sequential element ram_data_reg[100] was removed.  [C:/Users/ApeX/Desktop/final/ass7/ass7.srcs/sources_1/new/top.vhd:160]
WARNING: [Synth 8-6014] Unused sequential element ram_data_reg[99] was removed.  [C:/Users/ApeX/Desktop/final/ass7/ass7.srcs/sources_1/new/top.vhd:160]
WARNING: [Synth 8-6014] Unused sequential element ram_data_reg[98] was removed.  [C:/Users/ApeX/Desktop/final/ass7/ass7.srcs/sources_1/new/top.vhd:160]
WARNING: [Synth 8-6014] Unused sequential element ram_data_reg[97] was removed.  [C:/Users/ApeX/Desktop/final/ass7/ass7.srcs/sources_1/new/top.vhd:160]
WARNING: [Synth 8-6014] Unused sequential element ram_data_reg[96] was removed.  [C:/Users/ApeX/Desktop/final/ass7/ass7.srcs/sources_1/new/top.vhd:160]
WARNING: [Synth 8-6014] Unused sequential element ram_data_reg[95] was removed.  [C:/Users/ApeX/Desktop/final/ass7/ass7.srcs/sources_1/new/top.vhd:160]
WARNING: [Synth 8-6014] Unused sequential element ram_data_reg[94] was removed.  [C:/Users/ApeX/Desktop/final/ass7/ass7.srcs/sources_1/new/top.vhd:160]
WARNING: [Synth 8-6014] Unused sequential element ram_data_reg[93] was removed.  [C:/Users/ApeX/Desktop/final/ass7/ass7.srcs/sources_1/new/top.vhd:160]
WARNING: [Synth 8-6014] Unused sequential element ram_data_reg[92] was removed.  [C:/Users/ApeX/Desktop/final/ass7/ass7.srcs/sources_1/new/top.vhd:160]
WARNING: [Synth 8-6014] Unused sequential element ram_data_reg[91] was removed.  [C:/Users/ApeX/Desktop/final/ass7/ass7.srcs/sources_1/new/top.vhd:160]
WARNING: [Synth 8-6014] Unused sequential element ram_data_reg[90] was removed.  [C:/Users/ApeX/Desktop/final/ass7/ass7.srcs/sources_1/new/top.vhd:160]
WARNING: [Synth 8-6014] Unused sequential element ram_data_reg[89] was removed.  [C:/Users/ApeX/Desktop/final/ass7/ass7.srcs/sources_1/new/top.vhd:160]
WARNING: [Synth 8-6014] Unused sequential element ram_data_reg[88] was removed.  [C:/Users/ApeX/Desktop/final/ass7/ass7.srcs/sources_1/new/top.vhd:160]
WARNING: [Synth 8-6014] Unused sequential element ram_data_reg[87] was removed.  [C:/Users/ApeX/Desktop/final/ass7/ass7.srcs/sources_1/new/top.vhd:160]
WARNING: [Synth 8-6014] Unused sequential element ram_data_reg[86] was removed.  [C:/Users/ApeX/Desktop/final/ass7/ass7.srcs/sources_1/new/top.vhd:160]
WARNING: [Synth 8-6014] Unused sequential element ram_data_reg[85] was removed.  [C:/Users/ApeX/Desktop/final/ass7/ass7.srcs/sources_1/new/top.vhd:160]
WARNING: [Synth 8-6014] Unused sequential element ram_data_reg[84] was removed.  [C:/Users/ApeX/Desktop/final/ass7/ass7.srcs/sources_1/new/top.vhd:160]
WARNING: [Synth 8-6014] Unused sequential element ram_data_reg[83] was removed.  [C:/Users/ApeX/Desktop/final/ass7/ass7.srcs/sources_1/new/top.vhd:160]
WARNING: [Synth 8-6014] Unused sequential element ram_data_reg[82] was removed.  [C:/Users/ApeX/Desktop/final/ass7/ass7.srcs/sources_1/new/top.vhd:160]
WARNING: [Synth 8-6014] Unused sequential element ram_data_reg[81] was removed.  [C:/Users/ApeX/Desktop/final/ass7/ass7.srcs/sources_1/new/top.vhd:160]
WARNING: [Synth 8-6014] Unused sequential element ram_data_reg[80] was removed.  [C:/Users/ApeX/Desktop/final/ass7/ass7.srcs/sources_1/new/top.vhd:160]
WARNING: [Synth 8-6014] Unused sequential element ram_data_reg[79] was removed.  [C:/Users/ApeX/Desktop/final/ass7/ass7.srcs/sources_1/new/top.vhd:160]
WARNING: [Synth 8-6014] Unused sequential element ram_data_reg[78] was removed.  [C:/Users/ApeX/Desktop/final/ass7/ass7.srcs/sources_1/new/top.vhd:160]
WARNING: [Synth 8-6014] Unused sequential element ram_data_reg[77] was removed.  [C:/Users/ApeX/Desktop/final/ass7/ass7.srcs/sources_1/new/top.vhd:160]
WARNING: [Synth 8-6014] Unused sequential element ram_data_reg[76] was removed.  [C:/Users/ApeX/Desktop/final/ass7/ass7.srcs/sources_1/new/top.vhd:160]
WARNING: [Synth 8-6014] Unused sequential element ram_data_reg[75] was removed.  [C:/Users/ApeX/Desktop/final/ass7/ass7.srcs/sources_1/new/top.vhd:160]
WARNING: [Synth 8-6014] Unused sequential element ram_data_reg[74] was removed.  [C:/Users/ApeX/Desktop/final/ass7/ass7.srcs/sources_1/new/top.vhd:160]
WARNING: [Synth 8-6014] Unused sequential element ram_data_reg[73] was removed.  [C:/Users/ApeX/Desktop/final/ass7/ass7.srcs/sources_1/new/top.vhd:160]
WARNING: [Synth 8-6014] Unused sequential element ram_data_reg[72] was removed.  [C:/Users/ApeX/Desktop/final/ass7/ass7.srcs/sources_1/new/top.vhd:160]
WARNING: [Synth 8-6014] Unused sequential element ram_data_reg[71] was removed.  [C:/Users/ApeX/Desktop/final/ass7/ass7.srcs/sources_1/new/top.vhd:160]
WARNING: [Synth 8-6014] Unused sequential element ram_data_reg[70] was removed.  [C:/Users/ApeX/Desktop/final/ass7/ass7.srcs/sources_1/new/top.vhd:160]
WARNING: [Synth 8-6014] Unused sequential element ram_data_reg[69] was removed.  [C:/Users/ApeX/Desktop/final/ass7/ass7.srcs/sources_1/new/top.vhd:160]
WARNING: [Synth 8-6014] Unused sequential element ram_data_reg[68] was removed.  [C:/Users/ApeX/Desktop/final/ass7/ass7.srcs/sources_1/new/top.vhd:160]
WARNING: [Synth 8-6014] Unused sequential element ram_data_reg[67] was removed.  [C:/Users/ApeX/Desktop/final/ass7/ass7.srcs/sources_1/new/top.vhd:160]
WARNING: [Synth 8-6014] Unused sequential element ram_data_reg[66] was removed.  [C:/Users/ApeX/Desktop/final/ass7/ass7.srcs/sources_1/new/top.vhd:160]
WARNING: [Synth 8-6014] Unused sequential element ram_data_reg[65] was removed.  [C:/Users/ApeX/Desktop/final/ass7/ass7.srcs/sources_1/new/top.vhd:160]
WARNING: [Synth 8-6014] Unused sequential element ram_data_reg[64] was removed.  [C:/Users/ApeX/Desktop/final/ass7/ass7.srcs/sources_1/new/top.vhd:160]
WARNING: [Synth 8-6014] Unused sequential element ram_data_reg[63] was removed.  [C:/Users/ApeX/Desktop/final/ass7/ass7.srcs/sources_1/new/top.vhd:160]
WARNING: [Synth 8-6014] Unused sequential element ram_data_reg[62] was removed.  [C:/Users/ApeX/Desktop/final/ass7/ass7.srcs/sources_1/new/top.vhd:160]
WARNING: [Synth 8-6014] Unused sequential element ram_data_reg[61] was removed.  [C:/Users/ApeX/Desktop/final/ass7/ass7.srcs/sources_1/new/top.vhd:160]
WARNING: [Synth 8-6014] Unused sequential element ram_data_reg[60] was removed.  [C:/Users/ApeX/Desktop/final/ass7/ass7.srcs/sources_1/new/top.vhd:160]
WARNING: [Synth 8-6014] Unused sequential element ram_data_reg[59] was removed.  [C:/Users/ApeX/Desktop/final/ass7/ass7.srcs/sources_1/new/top.vhd:160]
WARNING: [Synth 8-6014] Unused sequential element ram_data_reg[58] was removed.  [C:/Users/ApeX/Desktop/final/ass7/ass7.srcs/sources_1/new/top.vhd:160]
WARNING: [Synth 8-6014] Unused sequential element ram_data_reg[57] was removed.  [C:/Users/ApeX/Desktop/final/ass7/ass7.srcs/sources_1/new/top.vhd:160]
WARNING: [Synth 8-6014] Unused sequential element ram_data_reg[56] was removed.  [C:/Users/ApeX/Desktop/final/ass7/ass7.srcs/sources_1/new/top.vhd:160]
WARNING: [Synth 8-6014] Unused sequential element ram_data_reg[55] was removed.  [C:/Users/ApeX/Desktop/final/ass7/ass7.srcs/sources_1/new/top.vhd:160]
WARNING: [Synth 8-6014] Unused sequential element ram_data_reg[54] was removed.  [C:/Users/ApeX/Desktop/final/ass7/ass7.srcs/sources_1/new/top.vhd:160]
WARNING: [Synth 8-6014] Unused sequential element ram_data_reg[53] was removed.  [C:/Users/ApeX/Desktop/final/ass7/ass7.srcs/sources_1/new/top.vhd:160]
WARNING: [Synth 8-6014] Unused sequential element ram_data_reg[52] was removed.  [C:/Users/ApeX/Desktop/final/ass7/ass7.srcs/sources_1/new/top.vhd:160]
WARNING: [Synth 8-6014] Unused sequential element ram_data_reg[51] was removed.  [C:/Users/ApeX/Desktop/final/ass7/ass7.srcs/sources_1/new/top.vhd:160]
WARNING: [Synth 8-6014] Unused sequential element ram_data_reg[50] was removed.  [C:/Users/ApeX/Desktop/final/ass7/ass7.srcs/sources_1/new/top.vhd:160]
WARNING: [Synth 8-6014] Unused sequential element ram_data_reg[49] was removed.  [C:/Users/ApeX/Desktop/final/ass7/ass7.srcs/sources_1/new/top.vhd:160]
WARNING: [Synth 8-6014] Unused sequential element ram_data_reg[48] was removed.  [C:/Users/ApeX/Desktop/final/ass7/ass7.srcs/sources_1/new/top.vhd:160]
WARNING: [Synth 8-6014] Unused sequential element ram_data_reg[47] was removed.  [C:/Users/ApeX/Desktop/final/ass7/ass7.srcs/sources_1/new/top.vhd:160]
WARNING: [Synth 8-6014] Unused sequential element ram_data_reg[46] was removed.  [C:/Users/ApeX/Desktop/final/ass7/ass7.srcs/sources_1/new/top.vhd:160]
WARNING: [Synth 8-6014] Unused sequential element ram_data_reg[45] was removed.  [C:/Users/ApeX/Desktop/final/ass7/ass7.srcs/sources_1/new/top.vhd:160]
WARNING: [Synth 8-6014] Unused sequential element ram_data_reg[44] was removed.  [C:/Users/ApeX/Desktop/final/ass7/ass7.srcs/sources_1/new/top.vhd:160]
WARNING: [Synth 8-6014] Unused sequential element ram_data_reg[43] was removed.  [C:/Users/ApeX/Desktop/final/ass7/ass7.srcs/sources_1/new/top.vhd:160]
WARNING: [Synth 8-6014] Unused sequential element ram_data_reg[42] was removed.  [C:/Users/ApeX/Desktop/final/ass7/ass7.srcs/sources_1/new/top.vhd:160]
WARNING: [Synth 8-6014] Unused sequential element ram_data_reg[41] was removed.  [C:/Users/ApeX/Desktop/final/ass7/ass7.srcs/sources_1/new/top.vhd:160]
WARNING: [Synth 8-6014] Unused sequential element ram_data_reg[40] was removed.  [C:/Users/ApeX/Desktop/final/ass7/ass7.srcs/sources_1/new/top.vhd:160]
WARNING: [Synth 8-6014] Unused sequential element ram_data_reg[39] was removed.  [C:/Users/ApeX/Desktop/final/ass7/ass7.srcs/sources_1/new/top.vhd:160]
WARNING: [Synth 8-6014] Unused sequential element ram_data_reg[38] was removed.  [C:/Users/ApeX/Desktop/final/ass7/ass7.srcs/sources_1/new/top.vhd:160]
WARNING: [Synth 8-6014] Unused sequential element ram_data_reg[37] was removed.  [C:/Users/ApeX/Desktop/final/ass7/ass7.srcs/sources_1/new/top.vhd:160]
WARNING: [Synth 8-6014] Unused sequential element ram_data_reg[36] was removed.  [C:/Users/ApeX/Desktop/final/ass7/ass7.srcs/sources_1/new/top.vhd:160]
WARNING: [Synth 8-6014] Unused sequential element ram_data_reg[35] was removed.  [C:/Users/ApeX/Desktop/final/ass7/ass7.srcs/sources_1/new/top.vhd:160]
WARNING: [Synth 8-6014] Unused sequential element ram_data_reg[34] was removed.  [C:/Users/ApeX/Desktop/final/ass7/ass7.srcs/sources_1/new/top.vhd:160]
WARNING: [Synth 8-6014] Unused sequential element ram_data_reg[33] was removed.  [C:/Users/ApeX/Desktop/final/ass7/ass7.srcs/sources_1/new/top.vhd:160]
WARNING: [Synth 8-6014] Unused sequential element ram_data_reg[32] was removed.  [C:/Users/ApeX/Desktop/final/ass7/ass7.srcs/sources_1/new/top.vhd:160]
WARNING: [Synth 8-6014] Unused sequential element ram_data_reg[31] was removed.  [C:/Users/ApeX/Desktop/final/ass7/ass7.srcs/sources_1/new/top.vhd:160]
WARNING: [Synth 8-6014] Unused sequential element ram_data_reg[30] was removed.  [C:/Users/ApeX/Desktop/final/ass7/ass7.srcs/sources_1/new/top.vhd:160]
WARNING: [Synth 8-6014] Unused sequential element ram_data_reg[29] was removed.  [C:/Users/ApeX/Desktop/final/ass7/ass7.srcs/sources_1/new/top.vhd:160]
INFO: [Common 17-14] Message 'Synth 8-6014' appears 100 times and further instances of the messages will be disabled. Use the Tcl command set_msg_config to change the current settings.
INFO: [Synth 8-256] done synthesizing module 'UART_RX' (1#1) [C:/Users/ApeX/Desktop/final/ass7/ass7.srcs/sources_1/new/top.vhd:23]
---------------------------------------------------------------------------------
Finished RTL Elaboration : Time (s): cpu = 00:00:43 ; elapsed = 00:00:47 . Memory (MB): peak = 721.637 ; gain = 461.895
---------------------------------------------------------------------------------

Report Check Netlist: 
+------+------------------+-------+---------+-------+------------------+
|      |Item              |Errors |Warnings |Status |Description       |
+------+------------------+-------+---------+-------+------------------+
|1     |multi_driven_nets |      0|        0|Passed |Multi driven nets |
+------+------------------+-------+---------+-------+------------------+
---------------------------------------------------------------------------------
Start Handling Custom Attributes
---------------------------------------------------------------------------------
---------------------------------------------------------------------------------
Finished Handling Custom Attributes : Time (s): cpu = 00:00:48 ; elapsed = 00:00:53 . Memory (MB): peak = 721.637 ; gain = 461.895
---------------------------------------------------------------------------------
---------------------------------------------------------------------------------
Finished RTL Optimization Phase 1 : Time (s): cpu = 00:00:48 ; elapsed = 00:00:53 . Memory (MB): peak = 721.637 ; gain = 461.895
---------------------------------------------------------------------------------
INFO: [Device 21-403] Loading part xc7a35tcpg236-1
INFO: [Project 1-570] Preparing netlist for logic optimization

Processing XDC Constraints
Initializing timing engine
Parsing XDC File [C:/Users/ApeX/Desktop/final/ass7/ass7.srcs/constrs_1/new/Basys3_Master.xdc]
Finished Parsing XDC File [C:/Users/ApeX/Desktop/final/ass7/ass7.srcs/constrs_1/new/Basys3_Master.xdc]
INFO: [Project 1-236] Implementation specific constraints were found while reading constraint file [C:/Users/ApeX/Desktop/final/ass7/ass7.srcs/constrs_1/new/Basys3_Master.xdc]. These constraints will be ignored for synthesis but will be used in implementation. Impacted constraints are listed in the file [.Xil/UART_RX_propImpl.xdc].
Resolution: To avoid this warning, move constraints listed in [.Xil/UART_RX_propImpl.xdc] to another XDC file and exclude this new file from synthesis with the used_in_synthesis property (File Properties dialog in GUI) and re-run elaboration/synthesis.
Completed Processing XDC Constraints

INFO: [Project 1-111] Unisim Transformation Summary:
No Unisim elements were transformed.

Constraint Validation Runtime : Time (s): cpu = 00:00:00 ; elapsed = 00:00:00.043 . Memory (MB): peak = 1076.090 ; gain = 0.000
---------------------------------------------------------------------------------
Finished Constraint Validation : Time (s): cpu = 00:01:27 ; elapsed = 00:01:36 . Memory (MB): peak = 1076.090 ; gain = 816.348
---------------------------------------------------------------------------------
INFO: [Synth 8-5580] Multithreading enabled for synth_design using a maximum of 2 processes.
---------------------------------------------------------------------------------
Start Loading Part and Timing Information
---------------------------------------------------------------------------------
Loading part: xc7a35tcpg236-1
INFO: [Synth 8-5546] ROM "char_count" won't be mapped to RAM because it is too sparse
---------------------------------------------------------------------------------
Finished RTL Optimization Phase 2 : Time (s): cpu = 00:02:31 ; elapsed = 00:02:48 . Memory (MB): peak = 1076.090 ; gain = 816.348
---------------------------------------------------------------------------------

Report RTL Partitions: 
+------+--------------+------------+----------+
|      |RTL Partition |Replication |Instances |
+------+--------------+------------+----------+
|1     |UART_RX__GB0  |           1|     38203|
|2     |UART_RX__GB1  |           1|     35746|
|3     |UART_RX__GB2  |           1|     18975|
|4     |UART_RX__GB3  |           1|     25216|
|5     |UART_RX__GB4  |           1|     31577|
|6     |UART_RX__GB5  |           1|     40017|
|7     |UART_RX__GB6  |           1|     19091|
|8     |UART_RX__GB7  |           1|     50711|
|9     |UART_RX__GB8  |           1|     33941|
+------+--------------+------------+----------+
---------------------------------------------------------------------------------
Start RTL Component Statistics 
---------------------------------------------------------------------------------
Detailed RTL Component Info : 
+---Adders : 
	   2 Input     14 Bit       Adders := 1     
	   2 Input      7 Bit       Adders := 2     
	   2 Input      5 Bit       Adders := 1     
	   2 Input      4 Bit       Adders := 39    
	   3 Input      4 Bit       Adders := 9     
	   2 Input      3 Bit       Adders := 1     
+---Registers : 
	              128 Bit    Registers := 128   
	               14 Bit    Registers := 1     
	                8 Bit    Registers := 1     
	                7 Bit    Registers := 2     
	                5 Bit    Registers := 1     
	                1 Bit    Registers := 2     
+---Muxes : 
	   2 Input    128 Bit        Muxes := 257   
	   9 Input    128 Bit        Muxes := 128   
	  10 Input    128 Bit        Muxes := 2     
	  11 Input    128 Bit        Muxes := 1     
	   2 Input     14 Bit        Muxes := 3     
	   9 Input     14 Bit        Muxes := 1     
	  10 Input     14 Bit        Muxes := 1     
	   2 Input      8 Bit        Muxes := 1     
	   9 Input      8 Bit        Muxes := 1     
	  10 Input      8 Bit        Muxes := 1     
	   2 Input      7 Bit        Muxes := 2     
	   9 Input      7 Bit        Muxes := 1     
	  10 Input      7 Bit        Muxes := 1     
	   9 Input      5 Bit        Muxes := 1     
	   4 Input      4 Bit        Muxes := 2     
	   2 Input      4 Bit        Muxes := 31    
	   9 Input      4 Bit        Muxes := 1     
	   2 Input      3 Bit        Muxes := 1     
	   3 Input      2 Bit        Muxes := 1     
	   2 Input      2 Bit        Muxes := 1     
	   2 Input      1 Bit        Muxes := 7684  
	  10 Input      1 Bit        Muxes := 131   
	   9 Input      1 Bit        Muxes := 4     
---------------------------------------------------------------------------------
Finished RTL Component Statistics 
---------------------------------------------------------------------------------
---------------------------------------------------------------------------------
Start RTL Hierarchical Component Statistics 
---------------------------------------------------------------------------------
Hierarchical RTL Component report 
Module UART_RX 
Detailed RTL Component Info : 
+---Adders : 
	   2 Input     14 Bit       Adders := 1     
	   2 Input      7 Bit       Adders := 2     
	   2 Input      5 Bit       Adders := 1     
	   2 Input      4 Bit       Adders := 39    
	   3 Input      4 Bit       Adders := 9     
	   2 Input      3 Bit       Adders := 1     
+---Registers : 
	              128 Bit    Registers := 128   
	               14 Bit    Registers := 1     
	                8 Bit    Registers := 1     
	                7 Bit    Registers := 2     
	                5 Bit    Registers := 1     
	                1 Bit    Registers := 2     
+---Muxes : 
	   2 Input    128 Bit        Muxes := 257   
	   9 Input    128 Bit        Muxes := 128   
	  10 Input    128 Bit        Muxes := 2     
	  11 Input    128 Bit        Muxes := 1     
	   2 Input     14 Bit        Muxes := 3     
	   9 Input     14 Bit        Muxes := 1     
	  10 Input     14 Bit        Muxes := 1     
	   2 Input      8 Bit        Muxes := 1     
	   9 Input      8 Bit        Muxes := 1     
	  10 Input      8 Bit        Muxes := 1     
	   2 Input      7 Bit        Muxes := 2     
	   9 Input      7 Bit        Muxes := 1     
	  10 Input      7 Bit        Muxes := 1     
	   9 Input      5 Bit        Muxes := 1     
	   4 Input      4 Bit        Muxes := 2     
	   2 Input      4 Bit        Muxes := 31    
	   9 Input      4 Bit        Muxes := 1     
	   2 Input      3 Bit        Muxes := 1     
	   3 Input      2 Bit        Muxes := 1     
	   2 Input      2 Bit        Muxes := 1     
	   2 Input      1 Bit        Muxes := 7684  
	  10 Input      1 Bit        Muxes := 131   
	   9 Input      1 Bit        Muxes := 4     
---------------------------------------------------------------------------------
Finished RTL Hierarchical Component Statistics
---------------------------------------------------------------------------------
---------------------------------------------------------------------------------
Start Part Resource Summary
---------------------------------------------------------------------------------
Part Resources:
DSPs: 90 (col length:60)
BRAMs: 100 (col length: RAMB18 60 RAMB36 30)
---------------------------------------------------------------------------------
Finished Part Resource Summary
---------------------------------------------------------------------------------
---------------------------------------------------------------------------------
Start Cross Boundary and Area Optimization
---------------------------------------------------------------------------------
INFO: [Synth 8-3886] merging instance 'r_Bit_Index_reg[6]' (FDE) to 'r_Bit_Index_reg[5]'
INFO: [Synth 8-3886] merging instance 'r_Bit_Index_reg[3]' (FDE) to 'r_Bit_Index_reg[5]'
INFO: [Synth 8-3886] merging instance 'r_Bit_Index_reg[5]' (FDE) to 'r_Bit_Index_reg[4]'
INFO: [Synth 8-3333] propagating constant 0 across sequential element (\r_Bit_Index_reg[4] )
---------------------------------------------------------------------------------
Finished Cross Boundary and Area Optimization : Time (s): cpu = 00:05:08 ; elapsed = 00:06:16 . Memory (MB): peak = 1076.090 ; gain = 816.348
---------------------------------------------------------------------------------

Report RTL Partitions: 
+------+--------------+------------+----------+
|      |RTL Partition |Replication |Instances |
+------+--------------+------------+----------+
|1     |UART_RX__GB0  |           1|     15200|
|2     |UART_RX__GB1  |           1|     14562|
|3     |UART_RX__GB2  |           1|      7860|
|4     |UART_RX__GB3  |           1|     10187|
|5     |UART_RX__GB4  |           1|     12771|
|6     |UART_RX__GB5  |           1|     16233|
|7     |UART_RX__GB6  |           1|      5617|
|8     |UART_RX__GB7  |           1|     13375|
|9     |UART_RX__GB8  |           1|     13573|
+------+--------------+------------+----------+
---------------------------------------------------------------------------------
Start Applying XDC Timing Constraints
---------------------------------------------------------------------------------
---------------------------------------------------------------------------------
Finished Applying XDC Timing Constraints : Time (s): cpu = 00:05:29 ; elapsed = 00:06:39 . Memory (MB): peak = 1076.090 ; gain = 816.348
---------------------------------------------------------------------------------
---------------------------------------------------------------------------------
Start Timing Optimization
---------------------------------------------------------------------------------
---------------------------------------------------------------------------------
Finished Timing Optimization : Time (s): cpu = 00:08:41 ; elapsed = 00:10:00 . Memory (MB): peak = 1332.117 ; gain = 1072.375
---------------------------------------------------------------------------------

Report RTL Partitions: 
+------+--------------+------------+----------+
|      |RTL Partition |Replication |Instances |
+------+--------------+------------+----------+
|1     |UART_RX__GB0  |           1|     10078|
|2     |UART_RX__GB1  |           1|      9551|
|3     |UART_RX__GB2  |           1|      5070|
|4     |UART_RX__GB6  |           1|      5600|
|5     |muxpart__1    |           1|        33|
|6     |UART_RX_GT0   |           1|     47690|
+------+--------------+------------+----------+
---------------------------------------------------------------------------------
Start Technology Mapping
---------------------------------------------------------------------------------
---------------------------------------------------------------------------------
Finished Technology Mapping : Time (s): cpu = 00:09:18 ; elapsed = 00:11:13 . Memory (MB): peak = 1332.117 ; gain = 1072.375
---------------------------------------------------------------------------------

Report RTL Partitions: 
+------+--------------+------------+----------+
|      |RTL Partition |Replication |Instances |
+------+--------------+------------+----------+
|1     |UART_RX__GB0  |           1|      4278|
|2     |UART_RX__GB1  |           1|      4041|
|3     |UART_RX__GB2  |           1|      2138|
|4     |UART_RX__GB6  |           1|      3587|
|5     |muxpart__1    |           1|         7|
|6     |UART_RX_GT0   |           1|     22701|
+------+--------------+------------+----------+
---------------------------------------------------------------------------------
Start IO Insertion
---------------------------------------------------------------------------------
---------------------------------------------------------------------------------
Start Flattening Before IO Insertion
---------------------------------------------------------------------------------
---------------------------------------------------------------------------------
Finished Flattening Before IO Insertion
---------------------------------------------------------------------------------
---------------------------------------------------------------------------------
Start Final Netlist Cleanup
---------------------------------------------------------------------------------
---------------------------------------------------------------------------------
Finished Final Netlist Cleanup
---------------------------------------------------------------------------------
---------------------------------------------------------------------------------
Finished IO Insertion : Time (s): cpu = 00:09:33 ; elapsed = 00:11:29 . Memory (MB): peak = 1332.117 ; gain = 1072.375
---------------------------------------------------------------------------------

Report Check Netlist: 
+------+------------------+-------+---------+-------+------------------+
|      |Item              |Errors |Warnings |Status |Description       |
+------+------------------+-------+---------+-------+------------------+
|1     |multi_driven_nets |      0|        0|Passed |Multi driven nets |
+------+------------------+-------+---------+-------+------------------+
---------------------------------------------------------------------------------
Start Renaming Generated Instances
---------------------------------------------------------------------------------
---------------------------------------------------------------------------------
Finished Renaming Generated Instances : Time (s): cpu = 00:09:34 ; elapsed = 00:11:30 . Memory (MB): peak = 1332.117 ; gain = 1072.375
---------------------------------------------------------------------------------

Report RTL Partitions: 
+-+--------------+------------+----------+
| |RTL Partition |Replication |Instances |
+-+--------------+------------+----------+
+-+--------------+------------+----------+
---------------------------------------------------------------------------------
Start Rebuilding User Hierarchy
---------------------------------------------------------------------------------
---------------------------------------------------------------------------------
Finished Rebuilding User Hierarchy : Time (s): cpu = 00:09:39 ; elapsed = 00:11:36 . Memory (MB): peak = 1332.117 ; gain = 1072.375
---------------------------------------------------------------------------------
---------------------------------------------------------------------------------
Start Renaming Generated Ports
---------------------------------------------------------------------------------
---------------------------------------------------------------------------------
Finished Renaming Generated Ports : Time (s): cpu = 00:09:40 ; elapsed = 00:11:36 . Memory (MB): peak = 1332.117 ; gain = 1072.375
---------------------------------------------------------------------------------
---------------------------------------------------------------------------------
Start Handling Custom Attributes
---------------------------------------------------------------------------------
---------------------------------------------------------------------------------
Finished Handling Custom Attributes : Time (s): cpu = 00:09:42 ; elapsed = 00:11:39 . Memory (MB): peak = 1332.117 ; gain = 1072.375
---------------------------------------------------------------------------------
---------------------------------------------------------------------------------
Start Renaming Generated Nets
---------------------------------------------------------------------------------
---------------------------------------------------------------------------------
Finished Renaming Generated Nets : Time (s): cpu = 00:09:43 ; elapsed = 00:11:39 . Memory (MB): peak = 1332.117 ; gain = 1072.375
---------------------------------------------------------------------------------
---------------------------------------------------------------------------------
Start Writing Synthesis Report
---------------------------------------------------------------------------------

Report BlackBoxes: 
+-+--------------+----------+
| |BlackBox name |Instances |
+-+--------------+----------+
+-+--------------+----------+

Report Cell Usage: 
+------+-------+------+
|      |Cell   |Count |
+------+-------+------+
|1     |BUFG   |     1|
|2     |CARRY4 |   533|
|3     |LUT1   |   143|
|4     |LUT2   |   334|
|5     |LUT3   |   389|
|6     |LUT4   |  4126|
|7     |LUT5   |  2975|
|8     |LUT6   |  9482|
|9     |MUXF7  |    99|
|10    |MUXF8  |    24|
|11    |FDRE   | 18904|
|12    |IBUF   |    10|
|13    |OBUF   |    27|
+------+-------+------+

Report Instance Areas: 
+------+---------+-------+------+
|      |Instance |Module |Cells |
+------+---------+-------+------+
|1     |top      |       | 37047|
+------+---------+-------+------+
---------------------------------------------------------------------------------
Finished Writing Synthesis Report : Time (s): cpu = 00:09:43 ; elapsed = 00:11:39 . Memory (MB): peak = 1332.117 ; gain = 1072.375
---------------------------------------------------------------------------------
Synthesis finished with 0 errors, 0 critical warnings and 0 warnings.
Synthesis Optimization Runtime : Time (s): cpu = 00:08:27 ; elapsed = 00:11:11 . Memory (MB): peak = 1332.117 ; gain = 717.922
Synthesis Optimization Complete : Time (s): cpu = 00:09:43 ; elapsed = 00:11:41 . Memory (MB): peak = 1332.117 ; gain = 1072.375
INFO: [Project 1-571] Translating synthesized netlist
INFO: [Netlist 29-17] Analyzing 666 Unisim elements for replacement
INFO: [Netlist 29-28] Unisim Transformation completed in 1 CPU seconds
WARNING: [Netlist 29-101] Netlist 'UART_RX' is not ideal for floorplanning, since the cellview 'UART_RX' contains a large number of primitives.  Please consider enabling hierarchy in synthesis if you want to do floorplanning.
INFO: [Project 1-570] Preparing netlist for logic optimization
INFO: [Opt 31-138] Pushed 0 inverter(s) to 0 load pin(s).
INFO: [Project 1-111] Unisim Transformation Summary:
No Unisim elements were transformed.

INFO: [Common 17-83] Releasing license: Synthesis
21 Infos, 102 Warnings, 0 Critical Warnings and 0 Errors encountered.
synth_design completed successfully
synth_design: Time (s): cpu = 00:09:53 ; elapsed = 00:11:54 . Memory (MB): peak = 1332.117 ; gain = 1085.145
INFO: [Common 17-1381] The checkpoint 'C:/Users/ApeX/Desktop/final/ass7/ass7.runs/synth_1/UART_RX.dcp' has been generated.
write_checkpoint: Time (s): cpu = 00:00:10 ; elapsed = 00:00:08 . Memory (MB): peak = 1332.117 ; gain = 0.000
INFO: [runtcl-4] Executing : report_utilization -file UART_RX_utilization_synth.rpt -pb UART_RX_utilization_synth.pb
report_utilization: Time (s): cpu = 00:00:00 ; elapsed = 00:00:00.401 . Memory (MB): peak = 1332.117 ; gain = 0.000
INFO: [Common 17-206] Exiting Vivado at Wed Apr 18 16:00:14 2018...
